SPU_DUMP called from spu.cpp:40  (SpuCtor)
{
	Registers  [000000668adff1e0]:
	{
		[0] = -REGISTOR_POISON-
		[1] = -REGISTOR_POISON-
		[2] = -REGISTOR_POISON-
		[3] = -REGISTOR_POISON-
		[4] = -REGISTOR_POISON-
	}

	CMD  [000000668adff1f8]:
	{
		ip   = 0
		size = 21

		code  [000000668adff208]
		{
			[0] 	=	1
			[1] 	=	30
			[2] 	=	1
			[3] 	=	40
			[4] 	=	9
			[5] 	=	8
			[6] 	=	0
			[7] 	=	-1
			[8] 	=	2
			[9] 	=	1
			[10] 	=	70
			[11] 	=	1
			[12] 	=	80
			[13] 	=	15
			[14] 	=	18
			[15] 	=	9
			[16] 	=	18
			[17] 	=	10
			[18] 	=	4
			[19] 	=	4
			[20] 	=	10
		}
	}
}


SPU_DUMP called from main.cpp:32  (main)
{
	Registers  [000000668adff1e0]:
	{
		[0] = -REGISTOR_POISON-
		[1] = -REGISTOR_POISON-
		[2] = -REGISTOR_POISON-
		[3] = -REGISTOR_POISON-
		[4] = -REGISTOR_POISON-
	}

	CMD  [000000668adff1f8]:
	{
		ip   = 0
		size = 21

		code  [000000668adff208]
		{
			[0] 	=	1
			[1] 	=	30
			[2] 	=	1
			[3] 	=	40
			[4] 	=	9
			[5] 	=	8
			[6] 	=	0
			[7] 	=	-1
			[8] 	=	2
			[9] 	=	1
			[10] 	=	70
			[11] 	=	1
			[12] 	=	80
			[13] 	=	15
			[14] 	=	18
			[15] 	=	9
			[16] 	=	18
			[17] 	=	10
			[18] 	=	4
			[19] 	=	4
			[20] 	=	10
		}
	}
}


SPU_DUMP called from main.cpp:32  (main)
{
	Registers  [000000668adff1e0]:
	{
		[0] = -REGISTOR_POISON-
		[1] = -REGISTOR_POISON-
		[2] = -REGISTOR_POISON-
		[3] = -REGISTOR_POISON-
		[4] = -REGISTOR_POISON-
	}

	CMD  [000000668adff1f8]:
	{
		ip   = 2
		size = 21

		code  [000000668adff208]
		{
			[0] 	=	1
			[1] 	=	30
			[2] 	=	1
			[3] 	=	40
			[4] 	=	9
			[5] 	=	8
			[6] 	=	0
			[7] 	=	-1
			[8] 	=	2
			[9] 	=	1
			[10] 	=	70
			[11] 	=	1
			[12] 	=	80
			[13] 	=	15
			[14] 	=	18
			[15] 	=	9
			[16] 	=	18
			[17] 	=	10
			[18] 	=	4
			[19] 	=	4
			[20] 	=	10
		}
	}
}


SPU_DUMP called from main.cpp:128  (main)
{
	Registers  [000000668adff1e0]:
	{
		[0] = -REGISTOR_POISON-
		[1] = -REGISTOR_POISON-
		[2] = -REGISTOR_POISON-
		[3] = -REGISTOR_POISON-
		[4] = -REGISTOR_POISON-
	}

	CMD  [000000668adff1f8]:
	{
		ip   = 4
		size = 21

		code  [000000668adff208]
		{
			[0] 	=	1
			[1] 	=	30
			[2] 	=	1
			[3] 	=	40
			[4] 	=	9
			[5] 	=	8
			[6] 	=	0
			[7] 	=	-1
			[8] 	=	2
			[9] 	=	1
			[10] 	=	70
			[11] 	=	1
			[12] 	=	80
			[13] 	=	15
			[14] 	=	18
			[15] 	=	9
			[16] 	=	18
			[17] 	=	10
			[18] 	=	4
			[19] 	=	4
			[20] 	=	10
		}
	}
}


SPU_DUMP called from main.cpp:155  (main)
{
	Registers  [000000668adff1e0]:
	{
		[0] = -REGISTOR_POISON-
		[1] = -REGISTOR_POISON-
		[2] = -REGISTOR_POISON-
		[3] = -REGISTOR_POISON-
		[4] = -REGISTOR_POISON-
	}

	CMD  [000000668adff1f8]:
	{
		ip   = 4
		size = 21

		code  [000000668adff208]
		{
			[0] 	=	1
			[1] 	=	30
			[2] 	=	1
			[3] 	=	40
			[4] 	=	9
			[5] 	=	8
			[6] 	=	0
			[7] 	=	-1
			[8] 	=	2
			[9] 	=	1
			[10] 	=	70
			[11] 	=	1
			[12] 	=	80
			[13] 	=	15
			[14] 	=	18
			[15] 	=	9
			[16] 	=	18
			[17] 	=	10
			[18] 	=	4
			[19] 	=	4
			[20] 	=	10
		}
	}
}


SPU_DUMP called from main.cpp:158  (main)
{
	Registers  [000000668adff1e0]:
	{
		[0] = -REGISTOR_POISON-
		[1] = -REGISTOR_POISON-
		[2] = -REGISTOR_POISON-
		[3] = -REGISTOR_POISON-
		[4] = -REGISTOR_POISON-
	}

	CMD  [000000668adff1f8]:
	{
		ip   = 8
		size = 21

		code  [000000668adff208]
		{
			[0] 	=	1
			[1] 	=	30
			[2] 	=	1
			[3] 	=	40
			[4] 	=	9
			[5] 	=	8
			[6] 	=	0
			[7] 	=	-1
			[8] 	=	2
			[9] 	=	1
			[10] 	=	70
			[11] 	=	1
			[12] 	=	80
			[13] 	=	15
			[14] 	=	18
			[15] 	=	9
			[16] 	=	18
			[17] 	=	10
			[18] 	=	4
			[19] 	=	4
			[20] 	=	10
		}
	}
}


SPU_DUMP called from main.cpp:44  (main)
{
	Registers  [000000668adff1e0]:
	{
		[0] = -REGISTOR_POISON-
		[1] = -REGISTOR_POISON-
		[2] = -REGISTOR_POISON-
		[3] = -REGISTOR_POISON-
		[4] = -REGISTOR_POISON-
	}

	CMD  [000000668adff1f8]:
	{
		ip   = 8
		size = 21

		code  [000000668adff208]
		{
			[0] 	=	1
			[1] 	=	30
			[2] 	=	1
			[3] 	=	40
			[4] 	=	9
			[5] 	=	8
			[6] 	=	0
			[7] 	=	-1
			[8] 	=	2
			[9] 	=	1
			[10] 	=	70
			[11] 	=	1
			[12] 	=	80
			[13] 	=	15
			[14] 	=	18
			[15] 	=	9
			[16] 	=	18
			[17] 	=	10
			[18] 	=	4
			[19] 	=	4
			[20] 	=	10
		}
	}
}


SPU_DUMP called from main.cpp:32  (main)
{
	Registers  [000000668adff1e0]:
	{
		[0] = -REGISTOR_POISON-
		[1] = -REGISTOR_POISON-
		[2] = -REGISTOR_POISON-
		[3] = -REGISTOR_POISON-
		[4] = -REGISTOR_POISON-
	}

	CMD  [000000668adff1f8]:
	{
		ip   = 9
		size = 21

		code  [000000668adff208]
		{
			[0] 	=	1
			[1] 	=	30
			[2] 	=	1
			[3] 	=	40
			[4] 	=	9
			[5] 	=	8
			[6] 	=	0
			[7] 	=	-1
			[8] 	=	2
			[9] 	=	1
			[10] 	=	70
			[11] 	=	1
			[12] 	=	80
			[13] 	=	15
			[14] 	=	18
			[15] 	=	9
			[16] 	=	18
			[17] 	=	10
			[18] 	=	4
			[19] 	=	4
			[20] 	=	10
		}
	}
}


SPU_DUMP called from main.cpp:32  (main)
{
	Registers  [000000668adff1e0]:
	{
		[0] = -REGISTOR_POISON-
		[1] = -REGISTOR_POISON-
		[2] = -REGISTOR_POISON-
		[3] = -REGISTOR_POISON-
		[4] = -REGISTOR_POISON-
	}

	CMD  [000000668adff1f8]:
	{
		ip   = 11
		size = 21

		code  [000000668adff208]
		{
			[0] 	=	1
			[1] 	=	30
			[2] 	=	1
			[3] 	=	40
			[4] 	=	9
			[5] 	=	8
			[6] 	=	0
			[7] 	=	-1
			[8] 	=	2
			[9] 	=	1
			[10] 	=	70
			[11] 	=	1
			[12] 	=	80
			[13] 	=	15
			[14] 	=	18
			[15] 	=	9
			[16] 	=	18
			[17] 	=	10
			[18] 	=	4
			[19] 	=	4
			[20] 	=	10
		}
	}
}


SPU_DUMP called from main.cpp:128  (main)
{
	Registers  [000000668adff1e0]:
	{
		[0] = -REGISTOR_POISON-
		[1] = -REGISTOR_POISON-
		[2] = -REGISTOR_POISON-
		[3] = -REGISTOR_POISON-
		[4] = -REGISTOR_POISON-
	}

	CMD  [000000668adff1f8]:
	{
		ip   = 15
		size = 21

		code  [000000668adff208]
		{
			[0] 	=	1
			[1] 	=	30
			[2] 	=	1
			[3] 	=	40
			[4] 	=	9
			[5] 	=	8
			[6] 	=	0
			[7] 	=	-1
			[8] 	=	2
			[9] 	=	1
			[10] 	=	70
			[11] 	=	1
			[12] 	=	80
			[13] 	=	15
			[14] 	=	18
			[15] 	=	9
			[16] 	=	18
			[17] 	=	10
			[18] 	=	4
			[19] 	=	4
			[20] 	=	10
		}
	}
}


SPU_DUMP called from main.cpp:155  (main)
{
	Registers  [000000668adff1e0]:
	{
		[0] = -REGISTOR_POISON-
		[1] = -REGISTOR_POISON-
		[2] = -REGISTOR_POISON-
		[3] = -REGISTOR_POISON-
		[4] = -REGISTOR_POISON-
	}

	CMD  [000000668adff1f8]:
	{
		ip   = 15
		size = 21

		code  [000000668adff208]
		{
			[0] 	=	1
			[1] 	=	30
			[2] 	=	1
			[3] 	=	40
			[4] 	=	9
			[5] 	=	8
			[6] 	=	0
			[7] 	=	-1
			[8] 	=	2
			[9] 	=	1
			[10] 	=	70
			[11] 	=	1
			[12] 	=	80
			[13] 	=	15
			[14] 	=	18
			[15] 	=	9
			[16] 	=	18
			[17] 	=	10
			[18] 	=	4
			[19] 	=	4
			[20] 	=	10
		}
	}
}


SPU_DUMP called from main.cpp:158  (main)
{
	Registers  [000000668adff1e0]:
	{
		[0] = -REGISTOR_POISON-
		[1] = -REGISTOR_POISON-
		[2] = -REGISTOR_POISON-
		[3] = -REGISTOR_POISON-
		[4] = -REGISTOR_POISON-
	}

	CMD  [000000668adff1f8]:
	{
		ip   = 18
		size = 21

		code  [000000668adff208]
		{
			[0] 	=	1
			[1] 	=	30
			[2] 	=	1
			[3] 	=	40
			[4] 	=	9
			[5] 	=	8
			[6] 	=	0
			[7] 	=	-1
			[8] 	=	2
			[9] 	=	1
			[10] 	=	70
			[11] 	=	1
			[12] 	=	80
			[13] 	=	15
			[14] 	=	18
			[15] 	=	9
			[16] 	=	18
			[17] 	=	10
			[18] 	=	4
			[19] 	=	4
			[20] 	=	10
		}
	}
}


SPU_DUMP called from main.cpp:60  (main)
{
	Registers  [000000668adff1e0]:
	{
		[0] = -REGISTOR_POISON-
		[1] = -REGISTOR_POISON-
		[2] = -REGISTOR_POISON-
		[3] = -REGISTOR_POISON-
		[4] = -REGISTOR_POISON-
	}

	CMD  [000000668adff1f8]:
	{
		ip   = 18
		size = 21

		code  [000000668adff208]
		{
			[0] 	=	1
			[1] 	=	30
			[2] 	=	1
			[3] 	=	40
			[4] 	=	9
			[5] 	=	8
			[6] 	=	0
			[7] 	=	-1
			[8] 	=	2
			[9] 	=	1
			[10] 	=	70
			[11] 	=	1
			[12] 	=	80
			[13] 	=	15
			[14] 	=	18
			[15] 	=	9
			[16] 	=	18
			[17] 	=	10
			[18] 	=	4
			[19] 	=	4
			[20] 	=	10
		}
	}
}


SPU_DUMP called from main.cpp:60  (main)
{
	Registers  [000000668adff1e0]:
	{
		[0] = -REGISTOR_POISON-
		[1] = -REGISTOR_POISON-
		[2] = -REGISTOR_POISON-
		[3] = -REGISTOR_POISON-
		[4] = -REGISTOR_POISON-
	}

	CMD  [000000668adff1f8]:
	{
		ip   = 19
		size = 21

		code  [000000668adff208]
		{
			[0] 	=	1
			[1] 	=	30
			[2] 	=	1
			[3] 	=	40
			[4] 	=	9
			[5] 	=	8
			[6] 	=	0
			[7] 	=	-1
			[8] 	=	2
			[9] 	=	1
			[10] 	=	70
			[11] 	=	1
			[12] 	=	80
			[13] 	=	15
			[14] 	=	18
			[15] 	=	9
			[16] 	=	18
			[17] 	=	10
			[18] 	=	4
			[19] 	=	4
			[20] 	=	10
		}
	}
}


SPU_DUMP called from main.cpp:140  (main)
{
	Registers  [000000668adff1e0]:
	{
		[0] = -REGISTOR_POISON-
		[1] = -REGISTOR_POISON-
		[2] = -REGISTOR_POISON-
		[3] = -REGISTOR_POISON-
		[4] = -REGISTOR_POISON-
	}

	CMD  [000000668adff1f8]:
	{
		ip   = 20
		size = 21

		code  [000000668adff208]
		{
			[0] 	=	1
			[1] 	=	30
			[2] 	=	1
			[3] 	=	40
			[4] 	=	9
			[5] 	=	8
			[6] 	=	0
			[7] 	=	-1
			[8] 	=	2
			[9] 	=	1
			[10] 	=	70
			[11] 	=	1
			[12] 	=	80
			[13] 	=	15
			[14] 	=	18
			[15] 	=	9
			[16] 	=	18
			[17] 	=	10
			[18] 	=	4
			[19] 	=	4
			[20] 	=	10
		}
	}
}


SPU_DUMP called from main.cpp:147  (main)
{
	Registers  [000000668adff1e0]:
	{
		[0] = -REGISTOR_POISON-
		[1] = -REGISTOR_POISON-
		[2] = -REGISTOR_POISON-
		[3] = -REGISTOR_POISON-
		[4] = -REGISTOR_POISON-
	}

	CMD  [000000668adff1f8]:
	{
		ip   = 17
		size = 21

		code  [000000668adff208]
		{
			[0] 	=	1
			[1] 	=	30
			[2] 	=	1
			[3] 	=	40
			[4] 	=	9
			[5] 	=	8
			[6] 	=	0
			[7] 	=	-1
			[8] 	=	2
			[9] 	=	1
			[10] 	=	70
			[11] 	=	1
			[12] 	=	80
			[13] 	=	15
			[14] 	=	18
			[15] 	=	9
			[16] 	=	18
			[17] 	=	10
			[18] 	=	4
			[19] 	=	4
			[20] 	=	10
		}
	}
}


SPU_DUMP called from main.cpp:140  (main)
{
	Registers  [000000668adff1e0]:
	{
		[0] = -REGISTOR_POISON-
		[1] = -REGISTOR_POISON-
		[2] = -REGISTOR_POISON-
		[3] = -REGISTOR_POISON-
		[4] = -REGISTOR_POISON-
	}

	CMD  [000000668adff1f8]:
	{
		ip   = 17
		size = 21

		code  [000000668adff208]
		{
			[0] 	=	1
			[1] 	=	30
			[2] 	=	1
			[3] 	=	40
			[4] 	=	9
			[5] 	=	8
			[6] 	=	0
			[7] 	=	-1
			[8] 	=	2
			[9] 	=	1
			[10] 	=	70
			[11] 	=	1
			[12] 	=	80
			[13] 	=	15
			[14] 	=	18
			[15] 	=	9
			[16] 	=	18
			[17] 	=	10
			[18] 	=	4
			[19] 	=	4
			[20] 	=	10
		}
	}
}


SPU_DUMP called from main.cpp:147  (main)
{
	Registers  [000000668adff1e0]:
	{
		[0] = -REGISTOR_POISON-
		[1] = -REGISTOR_POISON-
		[2] = -REGISTOR_POISON-
		[3] = -REGISTOR_POISON-
		[4] = -REGISTOR_POISON-
	}

	CMD  [000000668adff1f8]:
	{
		ip   = 6
		size = 21

		code  [000000668adff208]
		{
			[0] 	=	1
			[1] 	=	30
			[2] 	=	1
			[3] 	=	40
			[4] 	=	9
			[5] 	=	8
			[6] 	=	0
			[7] 	=	-1
			[8] 	=	2
			[9] 	=	1
			[10] 	=	70
			[11] 	=	1
			[12] 	=	80
			[13] 	=	15
			[14] 	=	18
			[15] 	=	9
			[16] 	=	18
			[17] 	=	10
			[18] 	=	4
			[19] 	=	4
			[20] 	=	10
		}
	}
}


SPU_DUMP called from main.cpp:92  (main)
{
	Registers  [000000668adff1e0]:
	{
		[0] = -REGISTOR_POISON-
		[1] = -REGISTOR_POISON-
		[2] = -REGISTOR_POISON-
		[3] = -REGISTOR_POISON-
		[4] = -REGISTOR_POISON-
	}

	CMD  [000000668adff1f8]:
	{
		ip   = 6
		size = 21

		code  [000000668adff208]
		{
			[0] 	=	1
			[1] 	=	30
			[2] 	=	1
			[3] 	=	40
			[4] 	=	9
			[5] 	=	8
			[6] 	=	0
			[7] 	=	-1
			[8] 	=	2
			[9] 	=	1
			[10] 	=	70
			[11] 	=	1
			[12] 	=	80
			[13] 	=	15
			[14] 	=	18
			[15] 	=	9
			[16] 	=	18
			[17] 	=	10
			[18] 	=	4
			[19] 	=	4
			[20] 	=	10
		}
	}
}


SPU_DUMP called from main.cpp:230  (main)
{
	Registers  [000000668adff1e0]:
	{
		[0] = -REGISTOR_POISON-
		[1] = -REGISTOR_POISON-
		[2] = -REGISTOR_POISON-
		[3] = -REGISTOR_POISON-
		[4] = -REGISTOR_POISON-
	}

	CMD  [000000668adff1f8]:
	{
		ip   = 7
		size = 21

		code  [000000668adff208]
		{
			[0] 	=	1
			[1] 	=	30
			[2] 	=	1
			[3] 	=	40
			[4] 	=	9
			[5] 	=	8
			[6] 	=	0
			[7] 	=	-1
			[8] 	=	2
			[9] 	=	1
			[10] 	=	70
			[11] 	=	1
			[12] 	=	80
			[13] 	=	15
			[14] 	=	18
			[15] 	=	9
			[16] 	=	18
			[17] 	=	10
			[18] 	=	4
			[19] 	=	4
			[20] 	=	10
		}
	}
}


SPU_DUMP called from main.cpp:248  (main)
{
	Registers  [000000668adff1e0]:
	{
		[0] = -REGISTOR_POISON-
		[1] = -REGISTOR_POISON-
		[2] = -REGISTOR_POISON-
		[3] = -REGISTOR_POISON-
		[4] = -REGISTOR_POISON-
	}

	CMD  [000000668adff1f8]:
	{
		ip   = 8
		size = 21

		code  [000000668adff208]
		{
			[0] 	=	1
			[1] 	=	30
			[2] 	=	1
			[3] 	=	40
			[4] 	=	9
			[5] 	=	8
			[6] 	=	0
			[7] 	=	-1
			[8] 	=	2
			[9] 	=	1
			[10] 	=	70
			[11] 	=	1
			[12] 	=	80
			[13] 	=	15
			[14] 	=	18
			[15] 	=	9
			[16] 	=	18
			[17] 	=	10
			[18] 	=	4
			[19] 	=	4
			[20] 	=	10
		}
	}
}


