
RECALLOC!
Stack_t[000002279f4e1480] at stack.cpp:247 born at main.cpp:21:
{
	size     = 0
	capacity = 0

	left canar : 3735928559			right canar:  3735928559
	&left canar: 000002279f4e1510	&right:       000002279f4e1518 
	&data[0]   : 000002279f4e1518	&data[capa] : 000002279f4e1518

	data hash  = -4465737649110811395

	data [000002279f4e1480]: { 
	}
}

Stack_t[000002279f4e1480] at stack.cpp:87 born at main.cpp:21:
{
	size     = 0
	capacity = 0

	left canar : 3735928559			right canar:  3735928559
	&left canar: 000002279f4e1510	&right:       000002279f4e1518 
	&data[0]   : 000002279f4e1518	&data[capa] : 000002279f4e1518

	data hash  = -4465737649110811395

	data [000002279f4e1480]: { 
	}
}

Stack_t[000002279f4e1480] at stack.cpp:126 born at main.cpp:21:
{
	size     = 0
	capacity = 0

	left canar : 3735928559			right canar:  3735928559
	&left canar: 000002279f4e1510	&right:       000002279f4e1518 
	&data[0]   : 000002279f4e1518	&data[capa] : 000002279f4e1518

	data hash  = -4465737649110811395

	data [000002279f4e1480]: { 
	}
}

Stack_t[000002279f4e1480] at stack.cpp:190 born at main.cpp:21:
{
	size     = 0
	capacity = 0

	left canar : 3735928559			right canar:  3735928559
	&left canar: 000002279f4e1510	&right:       000002279f4e1518 
	&data[0]   : 000002279f4e1518	&data[capa] : 000002279f4e1518

	data hash  = -4465737649110811395

	data [000002279f4e1480]: { 
	}
}


RECALLOC!
Stack_t[000002279f4e1480] at stack.cpp:247 born at main.cpp:21:
{
	size     = 0
	capacity = 2

	left canar : 3735928559			right canar:  3735928559
	&left canar: 000002279f4e1510	&right:       000002279f4e1520 
	&data[0]   : 000002279f4e1518	&data[capa] : 000002279f4e1520

	data hash  = -4603618653461138497

	data [000002279f4e1480]: { 
		data[0] = -POISON-
		data[1] = -POISON-
	}
}

Stack_t[000002279f4e1480] at stack.cpp:139 born at main.cpp:21:
{
	size     = 1
	capacity = 2

	left canar : 3735928559			right canar:  3735928559
	&left canar: 000002279f4e1510	&right:       000002279f4e1520 
	&data[0]   : 000002279f4e1518	&data[capa] : 000002279f4e1520

	data hash  = -8199626190114780764

	data [000002279f4e1480]: { 
		data[0] = 30 
		data[1] = -POISON-
	}
}

Stack_t[000002279f4e1480] at stack.cpp:126 born at main.cpp:21:
{
	size     = 1
	capacity = 2

	left canar : 3735928559			right canar:  3735928559
	&left canar: 000002279f4e1510	&right:       000002279f4e1520 
	&data[0]   : 000002279f4e1518	&data[capa] : 000002279f4e1520

	data hash  = -8199626190114780764

	data [000002279f4e1480]: { 
		data[0] = 30 
		data[1] = -POISON-
	}
}

Stack_t[000002279f4e1480] at stack.cpp:139 born at main.cpp:21:
{
	size     = 2
	capacity = 2

	left canar : 3735928559			right canar:  3735928559
	&left canar: 000002279f4e1510	&right:       000002279f4e1520 
	&data[0]   : 000002279f4e1518	&data[capa] : 000002279f4e1520

	data hash  = 5430214745407952273

	data [000002279f4e1480]: { 
		data[0] = 30 
		data[1] = 40 
	}
}

Stack_t[000002279f4e1480] at stack.cpp:126 born at main.cpp:21:
{
	size     = 2
	capacity = 2

	left canar : 3735928559			right canar:  3735928559
	&left canar: 000002279f4e1510	&right:       000002279f4e1520 
	&data[0]   : 000002279f4e1518	&data[capa] : 000002279f4e1520

	data hash  = 5430214745407952273

	data [000002279f4e1480]: { 
		data[0] = 30 
		data[1] = 40 
	}
}

Stack_t[000002279f4e1480] at stack.cpp:190 born at main.cpp:21:
{
	size     = 2
	capacity = 2

	left canar : 3735928559			right canar:  3735928559
	&left canar: 000002279f4e1510	&right:       000002279f4e1520 
	&data[0]   : 000002279f4e1518	&data[capa] : 000002279f4e1520

	data hash  = 5430214745407952273

	data [000002279f4e1480]: { 
		data[0] = 30 
		data[1] = 40 
	}
}


RECALLOC!
Stack_t[000002279f4e1480] at stack.cpp:247 born at main.cpp:21:
{
	size     = 2
	capacity = 4

	left canar : 3735928559			right canar:  3735928559
	&left canar: 000002279f4e1510	&right:       000002279f4e1528 
	&data[0]   : 000002279f4e1518	&data[capa] : 000002279f4e1528

	data hash  = 3168773906382730707

	data [000002279f4e1480]: { 
		data[0] = 30 
		data[1] = 40 
		data[2] = -POISON-
		data[3] = -POISON-
	}
}

Stack_t[000002279f4e1480] at stack.cpp:205 born at main.cpp:21:
{
	size     = 2
	capacity = 4

	left canar : 3735928559			right canar:  3735928559
	&left canar: 000002279f4e1510	&right:       000002279f4e1528 
	&data[0]   : 000002279f4e1518	&data[capa] : 000002279f4e1528

	data hash  = 3168773906382730707

	data [000002279f4e1480]: { 
		data[0] = 30 
		data[1] = 40 
		data[2] = -POISON-
		data[3] = -POISON-
	}
}

Stack_t[000002279f4e1480] at stack.cpp:139 born at main.cpp:21:
{
	size     = 3
	capacity = 4

	left canar : 3735928559			right canar:  3735928559
	&left canar: 000002279f4e1510	&right:       000002279f4e1528 
	&data[0]   : 000002279f4e1518	&data[capa] : 000002279f4e1528

	data hash  = -1939630001086502774

	data [000002279f4e1480]: { 
		data[0] = 30 
		data[1] = 40 
		data[2] = 50 
		data[3] = -POISON-
	}
}

Stack_t[000002279f4e1480] at stack.cpp:148 born at main.cpp:21:
{
	size     = 3
	capacity = 4

	left canar : 3735928559			right canar:  3735928559
	&left canar: 000002279f4e1510	&right:       000002279f4e1528 
	&data[0]   : 000002279f4e1518	&data[capa] : 000002279f4e1528

	data hash  = -1939630001086502774

	data [000002279f4e1480]: { 
		data[0] = 30 
		data[1] = 40 
		data[2] = 50 
		data[3] = -POISON-
	}
}

Stack_t[000002279f4e1480] at stack.cpp:172 born at main.cpp:21:
{
	size     = 2
	capacity = 4

	left canar : 3735928559			right canar:  3735928559
	&left canar: 000002279f4e1510	&right:       000002279f4e1528 
	&data[0]   : 000002279f4e1518	&data[capa] : 000002279f4e1528

	data hash  = 3168773906382730707

	data [000002279f4e1480]: { 
		data[0] = 30 
		data[1] = 40 
		data[2] = -POISON-
		data[3] = -POISON-
	}
}

Stack_t[000002279f4e1480] at stack.cpp:148 born at main.cpp:21:
{
	size     = 2
	capacity = 4

	left canar : 3735928559			right canar:  3735928559
	&left canar: 000002279f4e1510	&right:       000002279f4e1528 
	&data[0]   : 000002279f4e1518	&data[capa] : 000002279f4e1528

	data hash  = 3168773906382730707

	data [000002279f4e1480]: { 
		data[0] = 30 
		data[1] = 40 
		data[2] = -POISON-
		data[3] = -POISON-
	}
}

Stack_t[000002279f4e1480] at stack.cpp:172 born at main.cpp:21:
{
	size     = 1
	capacity = 4

	left canar : 3735928559			right canar:  3735928559
	&left canar: 000002279f4e1510	&right:       000002279f4e1528 
	&data[0]   : 000002279f4e1518	&data[capa] : 000002279f4e1528

	data hash  = -1466195737335433498

	data [000002279f4e1480]: { 
		data[0] = 30 
		data[1] = -POISON-
		data[2] = -POISON-
		data[3] = -POISON-
	}
}

Stack_t[000002279f4e1480] at stack.cpp:148 born at main.cpp:21:
{
	size     = 1
	capacity = 4

	left canar : 3735928559			right canar:  3735928559
	&left canar: 000002279f4e1510	&right:       000002279f4e1528 
	&data[0]   : 000002279f4e1518	&data[capa] : 000002279f4e1528

	data hash  = -1466195737335433498

	data [000002279f4e1480]: { 
		data[0] = 30 
		data[1] = -POISON-
		data[2] = -POISON-
		data[3] = -POISON-
	}
}



POP_RECALLOC!
Stack_t[000002279f4e1480] at stack.cpp:190 born at main.cpp:21:
{
	size     = 1
	capacity = 4

	left canar : 3735928559			right canar:  3735928559
	&left canar: 000002279f4e1510	&right:       000002279f4e1528 
	&data[0]   : 000002279f4e1518	&data[capa] : 000002279f4e1528

	data hash  = -1466195737335433498

	data [000002279f4e1480]: { 
		data[0] = 30 
		data[1] = -POISON-
		data[2] = -POISON-
		data[3] = -POISON-
	}
}


RECALLOC!
Stack_t[000002279f4e1480] at stack.cpp:247 born at main.cpp:21:
{
	size     = 1
	capacity = 2

	left canar : 3735928559			right canar:  3735928559
	&left canar: 000002279f4e1510	&right:       000002279f4e1520 
	&data[0]   : 000002279f4e1518	&data[capa] : 000002279f4e1520

	data hash  = -8199626190114780764

	data [000002279f4e1480]: { 
		data[0] = 30 
		data[1] = -POISON-
	}
}

Stack_t[000002279f4e1480] at stack.cpp:205 born at main.cpp:21:
{
	size     = 1
	capacity = 2

	left canar : 3735928559			right canar:  3735928559
	&left canar: 000002279f4e1510	&right:       000002279f4e1520 
	&data[0]   : 000002279f4e1518	&data[capa] : 000002279f4e1520

	data hash  = -8199626190114780764

	data [000002279f4e1480]: { 
		data[0] = 30 
		data[1] = -POISON-
	}
}

Stack_t[000002279f4e1480] at stack.cpp:172 born at main.cpp:21:
{
	size     = 0
	capacity = 2

	left canar : 3735928559			right canar:  3735928559
	&left canar: 000002279f4e1510	&right:       000002279f4e1520 
	&data[0]   : 000002279f4e1518	&data[capa] : 000002279f4e1520

	data hash  = -2060011152650722943

	data [000002279f4e1480]: { 
		data[0] = -POISON-
		data[1] = -POISON-
	}
}

Stack_t[000002279f4e1480] at stack.cpp:126 born at main.cpp:21:
{
	size     = 0
	capacity = 2

	left canar : 3735928559			right canar:  3735928559
	&left canar: 000002279f4e1510	&right:       000002279f4e1520 
	&data[0]   : 000002279f4e1518	&data[capa] : 000002279f4e1520

	data hash  = -2060011152650722943

	data [000002279f4e1480]: { 
		data[0] = -POISON-
		data[1] = -POISON-
	}
}

Stack_t[000002279f4e1480] at stack.cpp:139 born at main.cpp:21:
{
	size     = 1
	capacity = 2

	left canar : 3735928559			right canar:  3735928559
	&left canar: 000002279f4e1510	&right:       000002279f4e1520 
	&data[0]   : 000002279f4e1518	&data[capa] : 000002279f4e1520

	data hash  = -3214007306546211722

	data [000002279f4e1480]: { 
		data[0] = 1200 
		data[1] = -POISON-
	}
}

Stack_t[000002279f4e1480] at stack.cpp:148 born at main.cpp:21:
{
	size     = 1
	capacity = 2

	left canar : 3735928559			right canar:  3735928559
	&left canar: 000002279f4e1510	&right:       000002279f4e1520 
	&data[0]   : 000002279f4e1518	&data[capa] : 000002279f4e1520

	data hash  = -3214007306546211722

	data [000002279f4e1480]: { 
		data[0] = 1200 
		data[1] = -POISON-
	}
}

Stack_t[000002279f4e1480] at stack.cpp:172 born at main.cpp:21:
{
	size     = 0
	capacity = 2

	left canar : 3735928559			right canar:  3735928559
	&left canar: 000002279f4e1510	&right:       000002279f4e1520 
	&data[0]   : 000002279f4e1518	&data[capa] : 000002279f4e1520

	data hash  = -2060011152650722943

	data [000002279f4e1480]: { 
		data[0] = -POISON-
		data[1] = -POISON-
	}
}

